Using pre-set license
Built from '2021.1/staging' branch; Version is '2021.1.0b6 (4f6b2ade48ff) revision 5204778'; Using compiler version '192528614'; Build Type 'Release'
OS: 'Windows 10 Pro; OS build 19042.746; Version 2009; 64bit' Language: 'pt' Physical Memory: 16333 MB
BatchMode: 1, IsHumanControllingUs: 0, StartBugReporterOnCrash: 0, Is64bit: 1, IsPro: 0

 COMMAND LINE ARGUMENTS:
C:\Program Files\Unity\Hub\Editor\2021.1.0b6\Editor\Unity.exe
-adb2
-batchMode
-noUpm
-name
AssetImportWorker0
-projectPath
C:/Users/Gu/Documents/Work/UNITY/Desafio Nas Alturas/DesafioNasAlturas
-logFile
Logs/AssetImportWorker0.log
-srvPort
58598
Successfully changed project path to: C:/Users/Gu/Documents/Work/UNITY/Desafio Nas Alturas/DesafioNasAlturas
C:/Users/Gu/Documents/Work/UNITY/Desafio Nas Alturas/DesafioNasAlturas
Using Asset Import Pipeline V2.
Refreshing native plugins compatible for Editor in 71.22 ms, found 1 plugins.
Preloading 0 native plugins for Editor in 0.00 ms.
Initialize engine version: 2021.1.0b6 (4f6b2ade48ff)
[Subsystems] Discovering subsystems at path C:/Program Files/Unity/Hub/Editor/2021.1.0b6/Editor/Data/Resources/UnitySubsystems
[Subsystems] Discovering subsystems at path C:/Users/Gu/Documents/Work/UNITY/Desafio Nas Alturas/DesafioNasAlturas/Assets
GfxDevice: creating device client; threaded=0; jobified=0
Direct3D:
    Version:  Direct3D 11.0 [level 11.1]
    Renderer: NVIDIA GeForce RTX 2070 SUPER (ID=0x1e84)
    Vendor:   NVIDIA
    VRAM:     8011 MB
    Driver:   27.21.14.6140
Initialize mono
Mono path[0] = 'C:/Program Files/Unity/Hub/Editor/2021.1.0b6/Editor/Data/Managed'
Mono path[1] = 'C:/Program Files/Unity/Hub/Editor/2021.1.0b6/Editor/Data/MonoBleedingEdge/lib/mono/unityjit'
Mono config path = 'C:/Program Files/Unity/Hub/Editor/2021.1.0b6/Editor/Data/MonoBleedingEdge/etc'
Using monoOptions --debugger-agent=transport=dt_socket,embedding=1,server=y,suspend=n,address=127.0.0.1:56040
Begin MonoManager ReloadAssembly
Registering precompiled unity dll's ...
Register platform support module: C:/Program Files/Unity/Hub/Editor/2021.1.0b6/Editor/Data/PlaybackEngines/WebGLSupport/UnityEditor.WebGL.Extensions.dll
Register platform support module: C:/Program Files/Unity/Hub/Editor/2021.1.0b6/Editor/Data/PlaybackEngines/WindowsStandaloneSupport/UnityEditor.WindowsStandalone.Extensions.dll
Registered in 0.003240 seconds.
Native extension for WindowsStandalone target not found
Native extension for WebGL target not found
Refreshing native plugins compatible for Editor in 57.87 ms, found 1 plugins.
Preloading 0 native plugins for Editor in 0.00 ms.
Mono: successfully reloaded assembly
- Completed reload, in  2.442 seconds
Platform modules already initialized, skipping
Registering precompiled user dll's ...
Registered in 0.005866 seconds.
Begin MonoManager ReloadAssembly
Native extension for WindowsStandalone target not found
Native extension for WebGL target not found
Refreshing native plugins compatible for Editor in 58.74 ms, found 1 plugins.
Preloading 0 native plugins for Editor in 0.00 ms.
UnityIAP: [InitializeOnLoad] Facebook Check
UnityIAP: Runtime [2021.1.0b6]
UnityIAP: Current Build is WebGL:WebGL
UnityIAP: Possible Facebook Canvas Target
UnityIAP FB: No Facebook SDK Present
UnityIAP: could not enable Facebook IAP on eligible platform
Mono: successfully reloaded assembly
- Completed reload, in  1.211 seconds
Platform modules already initialized, skipping
========================================================================
Worker process is ready to serve import requests
Launched and connected shader compiler UnityShaderCompiler.exe after 0.05 seconds
Refreshing native plugins compatible for Editor in 1.05 ms, found 1 plugins.
Preloading 0 native plugins for Editor in 0.00 ms.
Unloading 2228 Unused Serialized files (Serialized files now loaded: 0)
System memory in use before: 97.3 MB.
System memory in use after: 97.4 MB.

Unloading 51 unused Assets to reduce memory usage. Loaded Objects now: 2660.
Total: 6.907000 ms (FindLiveObjects: 0.272800 ms CreateObjectMapping: 0.065300 ms MarkObjects: 6.454700 ms  DeleteObjects: 0.112300 ms)

========================================================================
Received Import Request.
  path: Assets/Scenes/AltasAventuras.unity
  artifactKey: Guid(74fad7fcdd2eef54486c1514537254f6) Importer(815301076,1909f56bfc062723c751e8b465ee728b)
Start importing Assets/Scenes/AltasAventuras.unity using Guid(74fad7fcdd2eef54486c1514537254f6) Importer(815301076,1909f56bfc062723c751e8b465ee728b)  -> (artifact id: '535e8b0857a0bbc230548337f37b4e64') in 0.034159 seconds 
========================================================================
Received Prepare
Refreshing native plugins compatible for Editor in 12.26 ms, found 1 plugins.
Preloading 0 native plugins for Editor in 0.00 ms.
Unloading 37 Unused Serialized files (Serialized files now loaded: 0)
System memory in use before: 53.4 MB.
System memory in use after: 53.5 MB.

Unloading 37 unused Assets to reduce memory usage. Loaded Objects now: 2660.
Total: 6.453600 ms (FindLiveObjects: 0.243000 ms CreateObjectMapping: 0.060600 ms MarkObjects: 6.118200 ms  DeleteObjects: 0.030600 ms)

========================================================================
Received Import Request.
  Time since last request: 2.243659 seconds.
  path: Assets/Scenes/FlappyPlane.unity
  artifactKey: Guid(74fad7fcdd2eef54486c1514537254f6) Importer(815301076,1909f56bfc062723c751e8b465ee728b)
Start importing Assets/Scenes/FlappyPlane.unity using Guid(74fad7fcdd2eef54486c1514537254f6) Importer(815301076,1909f56bfc062723c751e8b465ee728b)  -> (artifact id: '018f6d4558da7d5ed6f295f34d5cc18d') in 0.024906 seconds 
========================================================================
Received Prepare
Refreshing native plugins compatible for Editor in 12.96 ms, found 1 plugins.
Preloading 0 native plugins for Editor in 0.00 ms.
Unloading 37 Unused Serialized files (Serialized files now loaded: 0)
System memory in use before: 53.4 MB.
System memory in use after: 53.5 MB.

Unloading 37 unused Assets to reduce memory usage. Loaded Objects now: 2660.
Total: 6.528000 ms (FindLiveObjects: 0.278800 ms CreateObjectMapping: 0.059900 ms MarkObjects: 6.161900 ms  DeleteObjects: 0.025700 ms)

AssetImportWorkerClient::OnTransportError - code=2 error=End of file
